<?xml version="1.0" encoding="UTF-8"?>
<!-- Generated by org.testng.reporters.JUnitXMLReporter -->
<testsuite ignored="0" hostname="LAPTOP-17E0T7DF" failures="0" tests="14" name="Surefire test" time="37.796" errors="0" timestamp="2024-02-08T15:34:43 IST">
  <testcase classname="api.test.DataDrivenTest" name="testPostUser" time="5.848"/>
  <testcase classname="api.test.DataDrivenTest" name="testPostUser" time="1.712"/>
  <testcase classname="api.test.DataDrivenTest" name="testPostUser" time="2.801"/>
  <testcase classname="api.test.DataDrivenTest" name="testPostUser" time="2.13"/>
  <testcase classname="api.test.DataDrivenTest" name="testPostUser" time="1.709"/>
  <testcase classname="api.test.DataDrivenTest" name="deleteTest" time="1.748"/>
  <testcase classname="api.test.DataDrivenTest" name="deleteTest" time="1.898"/>
  <testcase classname="api.test.DataDrivenTest" name="deleteTest" time="2.293"/>
  <testcase classname="api.test.DataDrivenTest" name="deleteTest" time="2.616"/>
  <testcase classname="api.test.DataDrivenTest" name="deleteTest" time="1.948"/>
  <testcase classname="api.test.UserTest" name="testDeleteUser" time="2.246"/>
  <testcase classname="api.test.UserTest" name="testUpdateUser" time="2.398"/>
  <testcase classname="api.test.UserTest" name="testCreateUser" time="2.742"/>
  <testcase classname="api.test.UserTest" name="testGetUser" time="1.792"/>
</testsuite> <!-- Surefire test -->
