<?xml version="1.0" encoding="UTF-8"?>
<!-- Generated by org.testng.reporters.JUnitXMLReporter -->
<testsuite ignored="0" hostname="LAPTOP-17E0T7DF" failures="0" tests="10" name="Default test" time="23.259" errors="0" timestamp="2024-02-08T12:36:18 IST">
  <testcase classname="api.test.DataDrivenTest" name="testPostUser" time="4.463"/>
  <testcase classname="api.test.DataDrivenTest" name="testPostUser" time="1.629"/>
  <testcase classname="api.test.DataDrivenTest" name="testPostUser" time="1.682"/>
  <testcase classname="api.test.DataDrivenTest" name="testPostUser" time="2.327"/>
  <testcase classname="api.test.DataDrivenTest" name="testPostUser" time="1.604"/>
  <testcase classname="api.test.DataDrivenTest" name="deleteTest" time="1.785"/>
  <testcase classname="api.test.DataDrivenTest" name="deleteTest" time="1.607"/>
  <testcase classname="api.test.DataDrivenTest" name="deleteTest" time="1.592"/>
  <testcase classname="api.test.DataDrivenTest" name="deleteTest" time="1.605"/>
  <testcase classname="api.test.DataDrivenTest" name="deleteTest" time="1.915"/>
</testsuite> <!-- Default test -->
