<?xml version="1.0" encoding="UTF-8"?>
<testsuite xmlns:xsi="http://www.w3.org/2001/XMLSchema-instance" xsi:noNamespaceSchemaLocation="https://maven.apache.org/surefire/maven-surefire-plugin/xsd/surefire-test-report-3.0.xsd" version="3.0" name="TestSuite" time="39.043" tests="14" errors="0" skipped="0" failures="0">
  <properties>
[...]
</properties>
  <testcase name="testPostUser[10011, Saveen, sm, Savee, savee@1234, 12231221, 9876543210](1)" classname="api.test.DataDrivenTest" time="5.87">
    <system-err><![CDATA[SLF4J: Failed to load class "org.slf4j.impl.StaticLoggerBinder".
SLF4J: Defaulting to no-operation (NOP) logger implementation
SLF4J: See http://www.slf4j.org/codes.html#StaticLoggerBinder for further details.
]]></system-err>
  </testcase>
  <testcase name="testPostUser[10012, Aathmiya, kn, miya, savee@1235, 12231221, 9876543210](2)" classname="api.test.DataDrivenTest" time="1.687"/>
  <testcase name="testPostUser[10013, devika, GH, divya, savee@1236, 12231221, 9876543210](3)" classname="api.test.DataDrivenTest" time="2.809"/>
  <testcase name="testPostUser[10014, akash, mj, mj, savee@1237, 12231221, 9876543210](4)" classname="api.test.DataDrivenTest" time="2.124"/>
  <testcase name="testPostUser[10015, abhishek, cs, abhi, savee@1238, 12231221, 9876543210](5)" classname="api.test.DataDrivenTest" time="1.711"/>
  <testcase name="deleteTest[Savee](1)" classname="api.test.DataDrivenTest" time="1.755"/>
  <testcase name="deleteTest[miya](2)" classname="api.test.DataDrivenTest" time="1.892"/>
  <testcase name="deleteTest[divya](3)" classname="api.test.DataDrivenTest" time="2.298"/>
  <testcase name="deleteTest[mj](4)" classname="api.test.DataDrivenTest" time="2.61"/>
  <testcase name="deleteTest[abhi](5)" classname="api.test.DataDrivenTest" time="1.942"/>
  <testcase name="testDeleteUser" classname="api.test.UserTest" time="2.243"/>
  <testcase name="testUpdateUser" classname="api.test.UserTest" time="2.398">
    <system-out><![CDATA[HTTP/1.1 200 OK
Date: Thu, 08 Feb 2024 10:04:38 GMT
Content-Type: application/json
Transfer-Encoding: chunked
Connection: keep-alive
Access-Control-Allow-Origin: *
Access-Control-Allow-Methods: GET, POST, DELETE, PUT
Access-Control-Allow-Headers: Content-Type, api_key, Authorization
Server: Jetty(9.2.9.v20150224)

{
    "code": 200,
    "type": "unknown",
    "message": "5313207"
}
]]></system-out>
  </testcase>
  <testcase name="testCreateUser" classname="api.test.UserTest" time="2.76">
    <system-out><![CDATA[HTTP/1.1 200 OK
Date: Thu, 08 Feb 2024 10:04:41 GMT
Content-Type: application/json
Transfer-Encoding: chunked
Connection: keep-alive
Access-Control-Allow-Origin: *
Access-Control-Allow-Methods: GET, POST, DELETE, PUT
Access-Control-Allow-Headers: Content-Type, api_key, Authorization
Server: Jetty(9.2.9.v20150224)

{
    "code": 200,
    "type": "unknown",
    "message": "5313207"
}
]]></system-out>
  </testcase>
  <testcase name="testGetUser" classname="api.test.UserTest" time="1.784">
    <system-out><![CDATA[HTTP/1.1 200 OK
Date: Thu, 08 Feb 2024 10:04:43 GMT
Content-Type: application/json
Transfer-Encoding: chunked
Connection: keep-alive
Access-Control-Allow-Origin: *
Access-Control-Allow-Methods: GET, POST, DELETE, PUT
Access-Control-Allow-Headers: Content-Type, api_key, Authorization
Server: Jetty(9.2.9.v20150224)

{
    "id": 5313207,
    "username": "niki.kilback",
    "email": "ines.kiehn@example.com",
    "password": "5g4vrom0",
    "phone": "847.837.1442",
    "userStatus": 0
}
]]></system-out>
  </testcase>
</testsuite>