<?xml version="1.0" encoding="UTF-8"?>
<testng-results ignored="0" total="14" passed="14" failed="0" skipped="0">
  <reporter-output>
  </reporter-output>
  <suite started-at="2024-02-08T15:34:05 IST" name="Surefire suite" finished-at="2024-02-08T15:34:43 IST" duration-ms="37796">
    <groups>
    </groups>
    <test started-at="2024-02-08T15:34:05 IST" name="Surefire test" finished-at="2024-02-08T15:34:43 IST" duration-ms="37796">
      <class name="api.test.UserTest">
        <test-method is-config="true" signature="setupData()[pri:0, instance:api.test.UserTest@7a4ccb53]" started-at="2024-02-08T15:34:33 IST" name="setupData" finished-at="2024-02-08T15:34:33 IST" duration-ms="622" status="PASS">
          <reporter-output>
          </reporter-output>
        </test-method> <!-- setupData -->
        <test-method signature="testDeleteUser()[pri:0, instance:api.test.UserTest@7a4ccb53]" started-at="2024-02-08T15:34:33 IST" name="testDeleteUser" finished-at="2024-02-08T15:34:36 IST" duration-ms="2246" status="PASS">
          <reporter-output>
          </reporter-output>
        </test-method> <!-- testDeleteUser -->
        <test-method signature="testUpdateUser()[pri:0, instance:api.test.UserTest@7a4ccb53]" started-at="2024-02-08T15:34:36 IST" name="testUpdateUser" finished-at="2024-02-08T15:34:38 IST" duration-ms="2398" status="PASS">
          <reporter-output>
          </reporter-output>
        </test-method> <!-- testUpdateUser -->
        <test-method signature="testCreateUser()[pri:1, instance:api.test.UserTest@7a4ccb53]" started-at="2024-02-08T15:34:38 IST" name="testCreateUser" finished-at="2024-02-08T15:34:41 IST" duration-ms="2742" status="PASS">
          <reporter-output>
          </reporter-output>
        </test-method> <!-- testCreateUser -->
        <test-method signature="testGetUser()[pri:2, instance:api.test.UserTest@7a4ccb53]" started-at="2024-02-08T15:34:41 IST" name="testGetUser" finished-at="2024-02-08T15:34:43 IST" duration-ms="1792" status="PASS">
          <reporter-output>
          </reporter-output>
        </test-method> <!-- testGetUser -->
      </class> <!-- api.test.UserTest -->
      <class name="api.test.DataDrivenTest">
        <test-method signature="testPostUser(java.lang.String,java.lang.String,java.lang.String,java.lang.String,java.lang.String,java.lang.String,java.lang.String)[pri:1, instance:api.test.DataDrivenTest@6293abcc]" started-at="2024-02-08T15:34:08 IST" name="testPostUser" data-provider="data" finished-at="2024-02-08T15:34:14 IST" duration-ms="5848" status="PASS">
          <params>
            <param index="0">
              <value>
                <![CDATA[10011]]>
              </value>
            </param>
            <param index="1">
              <value>
                <![CDATA[Saveen]]>
              </value>
            </param>
            <param index="2">
              <value>
                <![CDATA[sm]]>
              </value>
            </param>
            <param index="3">
              <value>
                <![CDATA[Savee]]>
              </value>
            </param>
            <param index="4">
              <value>
                <![CDATA[savee@1234]]>
              </value>
            </param>
            <param index="5">
              <value>
                <![CDATA[12231221]]>
              </value>
            </param>
            <param index="6">
              <value>
                <![CDATA[9876543210]]>
              </value>
            </param>
          </params>
          <reporter-output>
          </reporter-output>
        </test-method> <!-- testPostUser -->
        <test-method signature="testPostUser(java.lang.String,java.lang.String,java.lang.String,java.lang.String,java.lang.String,java.lang.String,java.lang.String)[pri:1, instance:api.test.DataDrivenTest@6293abcc]" started-at="2024-02-08T15:34:14 IST" name="testPostUser" data-provider="data" finished-at="2024-02-08T15:34:15 IST" duration-ms="1712" status="PASS">
          <params>
            <param index="0">
              <value>
                <![CDATA[10012]]>
              </value>
            </param>
            <param index="1">
              <value>
                <![CDATA[Aathmiya]]>
              </value>
            </param>
            <param index="2">
              <value>
                <![CDATA[kn]]>
              </value>
            </param>
            <param index="3">
              <value>
                <![CDATA[miya]]>
              </value>
            </param>
            <param index="4">
              <value>
                <![CDATA[savee@1235]]>
              </value>
            </param>
            <param index="5">
              <value>
                <![CDATA[12231221]]>
              </value>
            </param>
            <param index="6">
              <value>
                <![CDATA[9876543210]]>
              </value>
            </param>
          </params>
          <reporter-output>
          </reporter-output>
        </test-method> <!-- testPostUser -->
        <test-method signature="testPostUser(java.lang.String,java.lang.String,java.lang.String,java.lang.String,java.lang.String,java.lang.String,java.lang.String)[pri:1, instance:api.test.DataDrivenTest@6293abcc]" started-at="2024-02-08T15:34:15 IST" name="testPostUser" data-provider="data" finished-at="2024-02-08T15:34:18 IST" duration-ms="2801" status="PASS">
          <params>
            <param index="0">
              <value>
                <![CDATA[10013]]>
              </value>
            </param>
            <param index="1">
              <value>
                <![CDATA[devika]]>
              </value>
            </param>
            <param index="2">
              <value>
                <![CDATA[GH]]>
              </value>
            </param>
            <param index="3">
              <value>
                <![CDATA[divya]]>
              </value>
            </param>
            <param index="4">
              <value>
                <![CDATA[savee@1236]]>
              </value>
            </param>
            <param index="5">
              <value>
                <![CDATA[12231221]]>
              </value>
            </param>
            <param index="6">
              <value>
                <![CDATA[9876543210]]>
              </value>
            </param>
          </params>
          <reporter-output>
          </reporter-output>
        </test-method> <!-- testPostUser -->
        <test-method signature="testPostUser(java.lang.String,java.lang.String,java.lang.String,java.lang.String,java.lang.String,java.lang.String,java.lang.String)[pri:1, instance:api.test.DataDrivenTest@6293abcc]" started-at="2024-02-08T15:34:18 IST" name="testPostUser" data-provider="data" finished-at="2024-02-08T15:34:20 IST" duration-ms="2130" status="PASS">
          <params>
            <param index="0">
              <value>
                <![CDATA[10014]]>
              </value>
            </param>
            <param index="1">
              <value>
                <![CDATA[akash]]>
              </value>
            </param>
            <param index="2">
              <value>
                <![CDATA[mj]]>
              </value>
            </param>
            <param index="3">
              <value>
                <![CDATA[mj]]>
              </value>
            </param>
            <param index="4">
              <value>
                <![CDATA[savee@1237]]>
              </value>
            </param>
            <param index="5">
              <value>
                <![CDATA[12231221]]>
              </value>
            </param>
            <param index="6">
              <value>
                <![CDATA[9876543210]]>
              </value>
            </param>
          </params>
          <reporter-output>
          </reporter-output>
        </test-method> <!-- testPostUser -->
        <test-method signature="testPostUser(java.lang.String,java.lang.String,java.lang.String,java.lang.String,java.lang.String,java.lang.String,java.lang.String)[pri:1, instance:api.test.DataDrivenTest@6293abcc]" started-at="2024-02-08T15:34:20 IST" name="testPostUser" data-provider="data" finished-at="2024-02-08T15:34:22 IST" duration-ms="1709" status="PASS">
          <params>
            <param index="0">
              <value>
                <![CDATA[10015]]>
              </value>
            </param>
            <param index="1">
              <value>
                <![CDATA[abhishek]]>
              </value>
            </param>
            <param index="2">
              <value>
                <![CDATA[cs]]>
              </value>
            </param>
            <param index="3">
              <value>
                <![CDATA[abhi]]>
              </value>
            </param>
            <param index="4">
              <value>
                <![CDATA[savee@1238]]>
              </value>
            </param>
            <param index="5">
              <value>
                <![CDATA[12231221]]>
              </value>
            </param>
            <param index="6">
              <value>
                <![CDATA[9876543210]]>
              </value>
            </param>
          </params>
          <reporter-output>
          </reporter-output>
        </test-method> <!-- testPostUser -->
        <test-method signature="deleteTest(java.lang.String)[pri:2, instance:api.test.DataDrivenTest@6293abcc]" started-at="2024-02-08T15:34:22 IST" name="deleteTest" data-provider="username" finished-at="2024-02-08T15:34:24 IST" duration-ms="1748" status="PASS">
          <params>
            <param index="0">
              <value>
                <![CDATA[Savee]]>
              </value>
            </param>
          </params>
          <reporter-output>
          </reporter-output>
        </test-method> <!-- deleteTest -->
        <test-method signature="deleteTest(java.lang.String)[pri:2, instance:api.test.DataDrivenTest@6293abcc]" started-at="2024-02-08T15:34:24 IST" name="deleteTest" data-provider="username" finished-at="2024-02-08T15:34:26 IST" duration-ms="1898" status="PASS">
          <params>
            <param index="0">
              <value>
                <![CDATA[miya]]>
              </value>
            </param>
          </params>
          <reporter-output>
          </reporter-output>
        </test-method> <!-- deleteTest -->
        <test-method signature="deleteTest(java.lang.String)[pri:2, instance:api.test.DataDrivenTest@6293abcc]" started-at="2024-02-08T15:34:26 IST" name="deleteTest" data-provider="username" finished-at="2024-02-08T15:34:28 IST" duration-ms="2293" status="PASS">
          <params>
            <param index="0">
              <value>
                <![CDATA[divya]]>
              </value>
            </param>
          </params>
          <reporter-output>
          </reporter-output>
        </test-method> <!-- deleteTest -->
        <test-method signature="deleteTest(java.lang.String)[pri:2, instance:api.test.DataDrivenTest@6293abcc]" started-at="2024-02-08T15:34:28 IST" name="deleteTest" data-provider="username" finished-at="2024-02-08T15:34:31 IST" duration-ms="2616" status="PASS">
          <params>
            <param index="0">
              <value>
                <![CDATA[mj]]>
              </value>
            </param>
          </params>
          <reporter-output>
          </reporter-output>
        </test-method> <!-- deleteTest -->
        <test-method signature="deleteTest(java.lang.String)[pri:2, instance:api.test.DataDrivenTest@6293abcc]" started-at="2024-02-08T15:34:31 IST" name="deleteTest" data-provider="username" finished-at="2024-02-08T15:34:33 IST" duration-ms="1948" status="PASS">
          <params>
            <param index="0">
              <value>
                <![CDATA[abhi]]>
              </value>
            </param>
          </params>
          <reporter-output>
          </reporter-output>
        </test-method> <!-- deleteTest -->
      </class> <!-- api.test.DataDrivenTest -->
    </test> <!-- Surefire test -->
  </suite> <!-- Surefire suite -->
</testng-results>
