<?xml version="1.0" encoding="UTF-8"?>
<testng-results ignored="0" total="10" passed="10" failed="0" skipped="0">
  <reporter-output>
  </reporter-output>
  <suite started-at="2024-02-08T12:35:55 IST" name="Default suite" finished-at="2024-02-08T12:36:18 IST" duration-ms="23259">
    <groups>
    </groups>
    <test started-at="2024-02-08T12:35:55 IST" name="Default test" finished-at="2024-02-08T12:36:18 IST" duration-ms="23259">
      <class name="api.test.DataDrivenTest">
        <test-method signature="testPostUser(java.lang.String,java.lang.String,java.lang.String,java.lang.String,java.lang.String,java.lang.String,java.lang.String)[pri:1, instance:api.test.DataDrivenTest@49049a04]" started-at="2024-02-08T12:35:58 IST" name="testPostUser" data-provider="data" finished-at="2024-02-08T12:36:02 IST" duration-ms="4463" status="PASS">
          <params>
            <param index="0">
              <value>
                <![CDATA[10011]]>
              </value>
            </param>
            <param index="1">
              <value>
                <![CDATA[Saveen]]>
              </value>
            </param>
            <param index="2">
              <value>
                <![CDATA[sm]]>
              </value>
            </param>
            <param index="3">
              <value>
                <![CDATA[Savee]]>
              </value>
            </param>
            <param index="4">
              <value>
                <![CDATA[savee@1234]]>
              </value>
            </param>
            <param index="5">
              <value>
                <![CDATA[12231221]]>
              </value>
            </param>
            <param index="6">
              <value>
                <![CDATA[9876543210]]>
              </value>
            </param>
          </params>
          <reporter-output>
          </reporter-output>
        </test-method> <!-- testPostUser -->
        <test-method signature="testPostUser(java.lang.String,java.lang.String,java.lang.String,java.lang.String,java.lang.String,java.lang.String,java.lang.String)[pri:1, instance:api.test.DataDrivenTest@49049a04]" started-at="2024-02-08T12:36:02 IST" name="testPostUser" data-provider="data" finished-at="2024-02-08T12:36:04 IST" duration-ms="1629" status="PASS">
          <params>
            <param index="0">
              <value>
                <![CDATA[10012]]>
              </value>
            </param>
            <param index="1">
              <value>
                <![CDATA[Aathmiya]]>
              </value>
            </param>
            <param index="2">
              <value>
                <![CDATA[kn]]>
              </value>
            </param>
            <param index="3">
              <value>
                <![CDATA[miya]]>
              </value>
            </param>
            <param index="4">
              <value>
                <![CDATA[savee@1235]]>
              </value>
            </param>
            <param index="5">
              <value>
                <![CDATA[12231221]]>
              </value>
            </param>
            <param index="6">
              <value>
                <![CDATA[9876543210]]>
              </value>
            </param>
          </params>
          <reporter-output>
          </reporter-output>
        </test-method> <!-- testPostUser -->
        <test-method signature="testPostUser(java.lang.String,java.lang.String,java.lang.String,java.lang.String,java.lang.String,java.lang.String,java.lang.String)[pri:1, instance:api.test.DataDrivenTest@49049a04]" started-at="2024-02-08T12:36:04 IST" name="testPostUser" data-provider="data" finished-at="2024-02-08T12:36:06 IST" duration-ms="1682" status="PASS">
          <params>
            <param index="0">
              <value>
                <![CDATA[10013]]>
              </value>
            </param>
            <param index="1">
              <value>
                <![CDATA[devika]]>
              </value>
            </param>
            <param index="2">
              <value>
                <![CDATA[GH]]>
              </value>
            </param>
            <param index="3">
              <value>
                <![CDATA[divya]]>
              </value>
            </param>
            <param index="4">
              <value>
                <![CDATA[savee@1236]]>
              </value>
            </param>
            <param index="5">
              <value>
                <![CDATA[12231221]]>
              </value>
            </param>
            <param index="6">
              <value>
                <![CDATA[9876543210]]>
              </value>
            </param>
          </params>
          <reporter-output>
          </reporter-output>
        </test-method> <!-- testPostUser -->
        <test-method signature="testPostUser(java.lang.String,java.lang.String,java.lang.String,java.lang.String,java.lang.String,java.lang.String,java.lang.String)[pri:1, instance:api.test.DataDrivenTest@49049a04]" started-at="2024-02-08T12:36:06 IST" name="testPostUser" data-provider="data" finished-at="2024-02-08T12:36:08 IST" duration-ms="2327" status="PASS">
          <params>
            <param index="0">
              <value>
                <![CDATA[10014]]>
              </value>
            </param>
            <param index="1">
              <value>
                <![CDATA[akash]]>
              </value>
            </param>
            <param index="2">
              <value>
                <![CDATA[mj]]>
              </value>
            </param>
            <param index="3">
              <value>
                <![CDATA[mj]]>
              </value>
            </param>
            <param index="4">
              <value>
                <![CDATA[savee@1237]]>
              </value>
            </param>
            <param index="5">
              <value>
                <![CDATA[12231221]]>
              </value>
            </param>
            <param index="6">
              <value>
                <![CDATA[9876543210]]>
              </value>
            </param>
          </params>
          <reporter-output>
          </reporter-output>
        </test-method> <!-- testPostUser -->
        <test-method signature="testPostUser(java.lang.String,java.lang.String,java.lang.String,java.lang.String,java.lang.String,java.lang.String,java.lang.String)[pri:1, instance:api.test.DataDrivenTest@49049a04]" started-at="2024-02-08T12:36:08 IST" name="testPostUser" data-provider="data" finished-at="2024-02-08T12:36:10 IST" duration-ms="1604" status="PASS">
          <params>
            <param index="0">
              <value>
                <![CDATA[10015]]>
              </value>
            </param>
            <param index="1">
              <value>
                <![CDATA[abhishek]]>
              </value>
            </param>
            <param index="2">
              <value>
                <![CDATA[cs]]>
              </value>
            </param>
            <param index="3">
              <value>
                <![CDATA[abhi]]>
              </value>
            </param>
            <param index="4">
              <value>
                <![CDATA[savee@1238]]>
              </value>
            </param>
            <param index="5">
              <value>
                <![CDATA[12231221]]>
              </value>
            </param>
            <param index="6">
              <value>
                <![CDATA[9876543210]]>
              </value>
            </param>
          </params>
          <reporter-output>
          </reporter-output>
        </test-method> <!-- testPostUser -->
        <test-method signature="deleteTest(java.lang.String)[pri:2, instance:api.test.DataDrivenTest@49049a04]" started-at="2024-02-08T12:36:10 IST" name="deleteTest" data-provider="username" finished-at="2024-02-08T12:36:12 IST" duration-ms="1785" status="PASS">
          <params>
            <param index="0">
              <value>
                <![CDATA[Savee]]>
              </value>
            </param>
          </params>
          <reporter-output>
          </reporter-output>
        </test-method> <!-- deleteTest -->
        <test-method signature="deleteTest(java.lang.String)[pri:2, instance:api.test.DataDrivenTest@49049a04]" started-at="2024-02-08T12:36:12 IST" name="deleteTest" data-provider="username" finished-at="2024-02-08T12:36:13 IST" duration-ms="1607" status="PASS">
          <params>
            <param index="0">
              <value>
                <![CDATA[miya]]>
              </value>
            </param>
          </params>
          <reporter-output>
          </reporter-output>
        </test-method> <!-- deleteTest -->
        <test-method signature="deleteTest(java.lang.String)[pri:2, instance:api.test.DataDrivenTest@49049a04]" started-at="2024-02-08T12:36:13 IST" name="deleteTest" data-provider="username" finished-at="2024-02-08T12:36:15 IST" duration-ms="1592" status="PASS">
          <params>
            <param index="0">
              <value>
                <![CDATA[divya]]>
              </value>
            </param>
          </params>
          <reporter-output>
          </reporter-output>
        </test-method> <!-- deleteTest -->
        <test-method signature="deleteTest(java.lang.String)[pri:2, instance:api.test.DataDrivenTest@49049a04]" started-at="2024-02-08T12:36:15 IST" name="deleteTest" data-provider="username" finished-at="2024-02-08T12:36:16 IST" duration-ms="1605" status="PASS">
          <params>
            <param index="0">
              <value>
                <![CDATA[mj]]>
              </value>
            </param>
          </params>
          <reporter-output>
          </reporter-output>
        </test-method> <!-- deleteTest -->
        <test-method signature="deleteTest(java.lang.String)[pri:2, instance:api.test.DataDrivenTest@49049a04]" started-at="2024-02-08T12:36:16 IST" name="deleteTest" data-provider="username" finished-at="2024-02-08T12:36:18 IST" duration-ms="1915" status="PASS">
          <params>
            <param index="0">
              <value>
                <![CDATA[abhi]]>
              </value>
            </param>
          </params>
          <reporter-output>
          </reporter-output>
        </test-method> <!-- deleteTest -->
      </class> <!-- api.test.DataDrivenTest -->
    </test> <!-- Default test -->
  </suite> <!-- Default suite -->
</testng-results>
